[2026-04-25 16:58:21] local.ERROR: filemtime(): stat failed for C:\Users\USUARIO\Desktop\proyectos\juan-dev-backend\.env {"exception":"[object] (ErrorException(code: 0): filemtime(): stat failed for C:\\Users\\USUARIO\\Desktop\\proyectos\\juan-dev-backend\\.env at C:/Users/USUARIO/Desktop/proyectos/juan-dev-backend/vendor/laravel/framework/src/Illuminate/Foundation/Console/ServeCommand.php:138)
[stacktrace]
#0 C:/Users/USUARIO/Desktop/proyectos/juan-dev-backend/vendor/laravel/framework/src/Illuminate/Foundation/Bootstrap/HandleExceptions.php(258): Illuminate/Foundation/Bootstrap/HandleExceptions->handleError(2, 'filemtime(): st...', 'C://Users//USUARI...', 138)
#1 [internal function]: Illuminate/Foundation/Bootstrap/HandleExceptions->{closure:Illuminate/Foundation/Bootstrap/HandleExceptions::forwardsTo():257}(2, 'filemtime(): st...', 'C://Users//USUARI...', 138)
#2 C:/Users/USUARIO/Desktop/proyectos/juan-dev-backend/vendor/laravel/framework/src/Illuminate/Foundation/Console/ServeCommand.php(138): filemtime('C://Users//USUARI...')
#3 C:/Users/USUARIO/Desktop/proyectos/juan-dev-backend/vendor/laravel/framework/src/Illuminate/Container/BoundMethod.php(36): Illuminate/Foundation/Console/ServeCommand->handle()
#4 C:/Users/USUARIO/Desktop/proyectos/juan-dev-backend/vendor/laravel/framework/src/Illuminate/Container/Util.php(43): Illuminate/Container/BoundMethod::{closure:Illuminate/Container/BoundMethod::call():35}()
#5 C:/Users/USUARIO/Desktop/proyectos/juan-dev-backend/vendor/laravel/framework/src/Illuminate/Container/BoundMethod.php(95): Illuminate/Container/Util::unwrapIfClosure(Object(Closure))
#6 C:/Users/USUARIO/Desktop/proyectos/juan-dev-backend/vendor/laravel/framework/src/Illuminate/Container/BoundMethod.php(35): Illuminate/Container/BoundMethod::callBoundMethod(Object(Illuminate/Foundation/Application), Array, Object(Closure))
#7 C:/Users/USUARIO/Desktop/proyectos/juan-dev-backend/vendor/laravel/framework/src/Illuminate/Container/Container.php(696): Illuminate/Container/BoundMethod::call(Object(Illuminate/Foundation/Application), Array, Array, NULL)
#8 C:/Users/USUARIO/Desktop/proyectos/juan-dev-backend/vendor/laravel/framework/src/Illuminate/Console/Command.php(213): Illuminate/Container/Container->call(Array)
#9 C:/Users/USUARIO/Desktop/proyectos/juan-dev-backend/vendor/symfony/console/Command/Command.php(341): Illuminate/Console/Command->execute(Object(Symfony/Component/Console/Input/ArgvInput), Object(Illuminate/Console/OutputStyle))
#10 C:/Users/USUARIO/Desktop/proyectos/juan-dev-backend/vendor/laravel/framework/src/Illuminate/Console/Command.php(182): Symfony/Component/Console/Command/Command->run(Object(Symfony/Component/Console/Input/ArgvInput), Object(Illuminate/Console/OutputStyle))
#11 C:/Users/USUARIO/Desktop/proyectos/juan-dev-backend/vendor/symfony/console/Application.php(1117): Illuminate/Console/Command->run(Object(Symfony/Component/Console/Input/ArgvInput), Object(Symfony/Component/Console/Output/ConsoleOutput))
#12 C:/Users/USUARIO/Desktop/proyectos/juan-dev-backend/vendor/symfony/console/Application.php(356): Symfony/Component/Console/Application->doRunCommand(Object(Illuminate/Foundation/Console/ServeCommand), Object(Symfony/Component/Console/Input/ArgvInput), Object(Symfony/Component/Console/Output/ConsoleOutput))
#13 C:/Users/USUARIO/Desktop/proyectos/juan-dev-backend/vendor/symfony/console/Application.php(195): Symfony/Component/Console/Application->doRun(Object(Symfony/Component/Console/Input/ArgvInput), Object(Symfony/Component/Console/Output/ConsoleOutput))
#14 C:/Users/USUARIO/Desktop/proyectos/juan-dev-backend/vendor/laravel/framework/src/Illuminate/Foundation/Console/Kernel.php(198): Symfony/Component/Console/Application->run(Object(Symfony/Component/Console/Input/ArgvInput), Object(Symfony/Component/Console/Output/ConsoleOutput))
#15 C:/Users/USUARIO/Desktop/proyectos/juan-dev-backend/vendor/laravel/framework/src/Illuminate/Foundation/Application.php(1235): Illuminate/Foundation/Console/Kernel->handle(Object(Symfony/Component/Console/Input/ArgvInput), Object(Symfony/Component/Console/Output/ConsoleOutput))
#16 C:/Users/USUARIO/Desktop/proyectos/juan-dev-backend/artisan(13): Illuminate/Foundation/Application->handleCommand(Object(Symfony/Component/Console/Input/ArgvInput))
#17 {main}
"} 
[2026-04-25 16:58:21] local.ERROR: include(C:\Users\USUARIO\Desktop\proyectos\juan-dev-backend\vendor\composer/../nunomaduro/collision/src/SolutionsRepositories/NullSolutionsRepository.php): Failed to open stream: No such file or directory {"exception":"[object] (ErrorException(code: 0): include(C:\\Users\\USUARIO\\Desktop\\proyectos\\juan-dev-backend\\vendor\\composer/../nunomaduro/collision/src/SolutionsRepositories/NullSolutionsRepository.php): Failed to open stream: No such file or directory at C:/Users/USUARIO/Desktop/proyectos/juan-dev-backend/vendor/composer/ClassLoader.php:576)
[stacktrace]
#0 C:/Users/USUARIO/Desktop/proyectos/juan-dev-backend/vendor/laravel/framework/src/Illuminate/Foundation/Bootstrap/HandleExceptions.php(258): Illuminate/Foundation/Bootstrap/HandleExceptions->handleError(2, 'include(C://User...', 'C://Users//USUARI...', 576)
#1 C:/Users/USUARIO/Desktop/proyectos/juan-dev-backend/vendor/composer/ClassLoader.php(576): Illuminate/Foundation/Bootstrap/HandleExceptions->{closure:Illuminate/Foundation/Bootstrap/HandleExceptions::forwardsTo():257}(2, 'include(C://User...', 'C://Users//USUARI...', 576)
#2 C:/Users/USUARIO/Desktop/proyectos/juan-dev-backend/vendor/composer/ClassLoader.php(576): include('C://Users//USUARI...')
#3 C:/Users/USUARIO/Desktop/proyectos/juan-dev-backend/vendor/composer/ClassLoader.php(427): {closure:Composer/Autoload/ClassLoader::initializeIncludeClosure():575}('C://Users//USUARI...')
#4 C:/Users/USUARIO/Desktop/proyectos/juan-dev-backend/vendor/nunomaduro/collision/src/Adapters/Laravel/CollisionServiceProvider.php(51): Composer/Autoload/ClassLoader->loadClass('NunoMaduro//Coll...')
#5 C:/Users/USUARIO/Desktop/proyectos/juan-dev-backend/vendor/laravel/framework/src/Illuminate/Container/Container.php(952): NunoMaduro/Collision/Adapters/Laravel/CollisionServiceProvider->{closure:NunoMaduro/Collision/Adapters/Laravel/CollisionServiceProvider::register():44}(Object(Illuminate/Foundation/Application), Array)
#6 C:/Users/USUARIO/Desktop/proyectos/juan-dev-backend/vendor/laravel/framework/src/Illuminate/Container/Container.php(832): Illuminate/Container/Container->build(Object(Closure))
#7 C:/Users/USUARIO/Desktop/proyectos/juan-dev-backend/vendor/laravel/framework/src/Illuminate/Foundation/Application.php(1078): Illuminate/Container/Container->resolve('NunoMaduro//Coll...', Array, true)
#8 C:/Users/USUARIO/Desktop/proyectos/juan-dev-backend/vendor/laravel/framework/src/Illuminate/Container/Container.php(763): Illuminate/Foundation/Application->resolve('NunoMaduro//Coll...', Array)
#9 C:/Users/USUARIO/Desktop/proyectos/juan-dev-backend/vendor/laravel/framework/src/Illuminate/Foundation/Application.php(1058): Illuminate/Container/Container->make('NunoMaduro//Coll...', Array)
#10 C:/Users/USUARIO/Desktop/proyectos/juan-dev-backend/vendor/nunomaduro/collision/src/Adapters/Laravel/ExceptionHandler.php(66): Illuminate/Foundation/Application->make('NunoMaduro//Coll...')
#11 C:/Users/USUARIO/Desktop/proyectos/juan-dev-backend/vendor/laravel/framework/src/Illuminate/Foundation/Console/Kernel.php(633): NunoMaduro/Collision/Adapters/Laravel/ExceptionHandler->renderForConsole(Object(Symfony/Component/Console/Output/ConsoleOutput), Object(ErrorException))
#12 C:/Users/USUARIO/Desktop/proyectos/juan-dev-backend/vendor/laravel/framework/src/Illuminate/Foundation/Console/Kernel.php(202): Illuminate/Foundation/Console/Kernel->renderException(Object(Symfony/Component/Console/Output/ConsoleOutput), Object(ErrorException))
#13 C:/Users/USUARIO/Desktop/proyectos/juan-dev-backend/vendor/laravel/framework/src/Illuminate/Foundation/Application.php(1235): Illuminate/Foundation/Console/Kernel->handle(Object(Symfony/Component/Console/Input/ArgvInput), Object(Symfony/Component/Console/Output/ConsoleOutput))
#14 C:/Users/USUARIO/Desktop/proyectos/juan-dev-backend/artisan(13): Illuminate/Foundation/Application->handleCommand(Object(Symfony/Component/Console/Input/ArgvInput))
#15 {main}
"} 
[2026-04-25 16:58:21] local.ERROR: Uncaught ErrorException: include(C:\Users\USUARIO\Desktop\proyectos\juan-dev-backend\vendor\composer/../nunomaduro/collision/src/SolutionsRepositories/NullSolutionsRepository.php): Failed to open stream: No such file or directory in C:\Users\USUARIO\Desktop\proyectos\juan-dev-backend\vendor\composer\ClassLoader.php:576
Stack trace:
#0 C:\Users\USUARIO\Desktop\proyectos\juan-dev-backend\vendor\laravel\framework\src\Illuminate\Foundation\Bootstrap\HandleExceptions.php(258): Illuminate\Foundation\Bootstrap\HandleExceptions->handleError(2, 'include(C:\\User...', 'C:\\Users\\USUARI...', 576)
#1 C:\Users\USUARIO\Desktop\proyectos\juan-dev-backend\vendor\composer\ClassLoader.php(576): Illuminate\Foundation\Bootstrap\HandleExceptions->{closure:Illuminate\Foundation\Bootstrap\HandleExceptions::forwardsTo():257}(2, 'include(C:\\User...', 'C:\\Users\\USUARI...', 576)
#2 C:\Users\USUARIO\Desktop\proyectos\juan-dev-backend\vendor\composer\ClassLoader.php(576): include('C:\\Users\\USUARI...')
#3 C:\Users\USUARIO\Desktop\proyectos\juan-dev-backend\vendor\composer\ClassLoader.php(427): {closure:Composer\Autoload\ClassLoader::initializeIncludeClosure():575}('C:\\Users\\USUARI...')
#4 C:\Users\USUARIO\Desktop\proyectos\juan-dev-backend\vendor\nunomaduro\collision\src\Adapters\Laravel\CollisionServiceProvider.php(51): Composer\Autoload\ClassLoader->loadClass('NunoMaduro\\Coll...')
#5 C:\Users\USUARIO\Desktop\proyectos\juan-dev-backend\vendor\laravel\framework\src\Illuminate\Container\Container.php(952): NunoMaduro\Collision\Adapters\Laravel\CollisionServiceProvider->{closure:NunoMaduro\Collision\Adapters\Laravel\CollisionServiceProvider::register():44}(Object(Illuminate\Foundation\Application), Array)
#6 C:\Users\USUARIO\Desktop\proyectos\juan-dev-backend\vendor\laravel\framework\src\Illuminate\Container\Container.php(832): Illuminate\Container\Container->build(Object(Closure))
#7 C:\Users\USUARIO\Desktop\proyectos\juan-dev-backend\vendor\laravel\framework\src\Illuminate\Foundation\Application.php(1078): Illuminate\Container\Container->resolve('NunoMaduro\\Coll...', Array, true)
#8 C:\Users\USUARIO\Desktop\proyectos\juan-dev-backend\vendor\laravel\framework\src\Illuminate\Container\Container.php(763): Illuminate\Foundation\Application->resolve('NunoMaduro\\Coll...', Array)
#9 C:\Users\USUARIO\Desktop\proyectos\juan-dev-backend\vendor\laravel\framework\src\Illuminate\Foundation\Application.php(1058): Illuminate\Container\Container->make('NunoMaduro\\Coll...', Array)
#10 C:\Users\USUARIO\Desktop\proyectos\juan-dev-backend\vendor\nunomaduro\collision\src\Adapters\Laravel\ExceptionHandler.php(66): Illuminate\Foundation\Application->make('NunoMaduro\\Coll...')
#11 C:\Users\USUARIO\Desktop\proyectos\juan-dev-backend\vendor\laravel\framework\src\Illuminate\Foundation\Bootstrap\HandleExceptions.php(210): NunoMaduro\Collision\Adapters\Laravel\ExceptionHandler->renderForConsole(Object(Symfony\Component\Console\Output\ConsoleOutput), Object(ErrorException))
#12 C:\Users\USUARIO\Desktop\proyectos\juan-dev-backend\vendor\laravel\framework\src\Illuminate\Foundation\Bootstrap\HandleExceptions.php(192): Illuminate\Foundation\Bootstrap\HandleExceptions->renderForConsole(Object(ErrorException))
#13 C:\Users\USUARIO\Desktop\proyectos\juan-dev-backend\vendor\laravel\framework\src\Illuminate\Foundation\Bootstrap\HandleExceptions.php(258): Illuminate\Foundation\Bootstrap\HandleExceptions->handleException(Object(ErrorException))
#14 [internal function]: Illuminate\Foundation\Bootstrap\HandleExceptions->{closure:Illuminate\Foundation\Bootstrap\HandleExceptions::forwardsTo():257}(Object(ErrorException))
#15 {main}
  thrown {"exception":"[object] (Symfony\\Component\\ErrorHandler\\Error\\FatalError(code: 0): Uncaught ErrorException: include(C:\\Users\\USUARIO\\Desktop\\proyectos\\juan-dev-backend\\vendor\\composer/../nunomaduro/collision/src/SolutionsRepositories/NullSolutionsRepository.php): Failed to open stream: No such file or directory in C:\\Users\\USUARIO\\Desktop\\proyectos\\juan-dev-backend\\vendor\\composer\\ClassLoader.php:576
Stack trace:
#0 C:\\Users\\USUARIO\\Desktop\\proyectos\\juan-dev-backend\\vendor\\laravel\\framework\\src\\Illuminate\\Foundation\\Bootstrap\\HandleExceptions.php(258): Illuminate\\Foundation\\Bootstrap\\HandleExceptions->handleError(2, 'include(C:\\\\User...', 'C:\\\\Users\\\\USUARI...', 576)
#1 C:\\Users\\USUARIO\\Desktop\\proyectos\\juan-dev-backend\\vendor\\composer\\ClassLoader.php(576): Illuminate\\Foundation\\Bootstrap\\HandleExceptions->{closure:Illuminate\\Foundation\\Bootstrap\\HandleExceptions::forwardsTo():257}(2, 'include(C:\\\\User...', 'C:\\\\Users\\\\USUARI...', 576)
#2 C:\\Users\\USUARIO\\Desktop\\proyectos\\juan-dev-backend\\vendor\\composer\\ClassLoader.php(576): include('C:\\\\Users\\\\USUARI...')
#3 C:\\Users\\USUARIO\\Desktop\\proyectos\\juan-dev-backend\\vendor\\composer\\ClassLoader.php(427): {closure:Composer\\Autoload\\ClassLoader::initializeIncludeClosure():575}('C:\\\\Users\\\\USUARI...')
#4 C:\\Users\\USUARIO\\Desktop\\proyectos\\juan-dev-backend\\vendor\\nunomaduro\\collision\\src\\Adapters\\Laravel\\CollisionServiceProvider.php(51): Composer\\Autoload\\ClassLoader->loadClass('NunoMaduro\\\\Coll...')
#5 C:\\Users\\USUARIO\\Desktop\\proyectos\\juan-dev-backend\\vendor\\laravel\\framework\\src\\Illuminate\\Container\\Container.php(952): NunoMaduro\\Collision\\Adapters\\Laravel\\CollisionServiceProvider->{closure:NunoMaduro\\Collision\\Adapters\\Laravel\\CollisionServiceProvider::register():44}(Object(Illuminate\\Foundation\\Application), Array)
#6 C:\\Users\\USUARIO\\Desktop\\proyectos\\juan-dev-backend\\vendor\\laravel\\framework\\src\\Illuminate\\Container\\Container.php(832): Illuminate\\Container\\Container->build(Object(Closure))
#7 C:\\Users\\USUARIO\\Desktop\\proyectos\\juan-dev-backend\\vendor\\laravel\\framework\\src\\Illuminate\\Foundation\\Application.php(1078): Illuminate\\Container\\Container->resolve('NunoMaduro\\\\Coll...', Array, true)
#8 C:\\Users\\USUARIO\\Desktop\\proyectos\\juan-dev-backend\\vendor\\laravel\\framework\\src\\Illuminate\\Container\\Container.php(763): Illuminate\\Foundation\\Application->resolve('NunoMaduro\\\\Coll...', Array)
#9 C:\\Users\\USUARIO\\Desktop\\proyectos\\juan-dev-backend\\vendor\\laravel\\framework\\src\\Illuminate\\Foundation\\Application.php(1058): Illuminate\\Container\\Container->make('NunoMaduro\\\\Coll...', Array)
#10 C:\\Users\\USUARIO\\Desktop\\proyectos\\juan-dev-backend\\vendor\\nunomaduro\\collision\\src\\Adapters\\Laravel\\ExceptionHandler.php(66): Illuminate\\Foundation\\Application->make('NunoMaduro\\\\Coll...')
#11 C:\\Users\\USUARIO\\Desktop\\proyectos\\juan-dev-backend\\vendor\\laravel\\framework\\src\\Illuminate\\Foundation\\Bootstrap\\HandleExceptions.php(210): NunoMaduro\\Collision\\Adapters\\Laravel\\ExceptionHandler->renderForConsole(Object(Symfony\\Component\\Console\\Output\\ConsoleOutput), Object(ErrorException))
#12 C:\\Users\\USUARIO\\Desktop\\proyectos\\juan-dev-backend\\vendor\\laravel\\framework\\src\\Illuminate\\Foundation\\Bootstrap\\HandleExceptions.php(192): Illuminate\\Foundation\\Bootstrap\\HandleExceptions->renderForConsole(Object(ErrorException))
#13 C:\\Users\\USUARIO\\Desktop\\proyectos\\juan-dev-backend\\vendor\\laravel\\framework\\src\\Illuminate\\Foundation\\Bootstrap\\HandleExceptions.php(258): Illuminate\\Foundation\\Bootstrap\\HandleExceptions->handleException(Object(ErrorException))
#14 [internal function]: Illuminate\\Foundation\\Bootstrap\\HandleExceptions->{closure:Illuminate\\Foundation\\Bootstrap\\HandleExceptions::forwardsTo():257}(Object(ErrorException))
#15 {main}
  thrown at C:/Users/USUARIO/Desktop/proyectos/juan-dev-backend/vendor/composer/ClassLoader.php:576)
[stacktrace]
#0 {main}
"} 
